<?xml version="1.0" encoding="UTF-8"?>
<!-- Generated by org.testng.reporters.JUnitReportReporter -->
<testsuite hostname="DESKTOP-H30MNRH" failures="0" tests="2" name="testCases.LogintestcaseDD" time="88.911" errors="0" timestamp="2024-07-19T19:41:49 IST" skipped="0">
  <testcase classname="testCases.LogintestcaseDD" name="logintestcase" time="40.932"/>
  <testcase classname="testCases.LogintestcaseDD" name="logintestcase" time="47.979"/>
</testsuite> <!-- testCases.LogintestcaseDD -->
