<?xml version="1.0" encoding="UTF-8"?>
<!-- Generated by org.testng.reporters.JUnitReportReporter -->
<testsuite hostname="DESKTOP-H30MNRH" failures="0" tests="1" name="testCases.DataDrivenTestCase" time="22.826" errors="0" timestamp="2024-07-17T16:37:03 IST" skipped="0">
  <testcase classname="testCases.DataDrivenTestCase" name="DataDriven" time="22.826"/>
</testsuite> <!-- testCases.DataDrivenTestCase -->
